0 info it worked if it ends with ok
1 verbose cli [ 'C:\\Program Files\\nodejs\\node.exe',
1 verbose cli   'C:\\Program Files\\nodejs\\node_modules\\npm\\bin\\npm-cli.js',
1 verbose cli   'run',
1 verbose cli   'dev' ]
2 info using npm@3.10.10
3 info using node@v6.9.4
4 verbose run-script [ 'predev', 'dev', 'postdev' ]
5 info lifecycle portfolio@1.0.0~predev: portfolio@1.0.0
6 silly lifecycle portfolio@1.0.0~predev: no script for predev, continuing
7 info lifecycle portfolio@1.0.0~dev: portfolio@1.0.0
8 verbose lifecycle portfolio@1.0.0~dev: unsafe-perm in lifecycle true
9 verbose lifecycle portfolio@1.0.0~dev: PATH: C:\Program Files\nodejs\node_modules\npm\bin\node-gyp-bin;C:\Users\Sabrina\portfolio\node_modules\.bin;C:\Program Files\Git\cmd;C:\ProgramData\Oracle\Java\javapath;C:\Program Files (x86)\NVIDIA Corporation\PhysX\Common;C:\Program Files (x86)\Intel\iCLS Client\;C:\Program Files\Intel\iCLS Client\;C:\WINDOWS\system32;C:\WINDOWS;C:\WINDOWS\System32\Wbem;C:\WINDOWS\System32\WindowsPowerShell\v1.0\;C:\Program Files (x86)\Windows Live\Shared;C:\Program Files\Intel\Intel(R) Management Engine Components\DAL;C:\Program Files\Intel\Intel(R) Management Engine Components\IPT;C:\Program Files (x86)\Intel\Intel(R) Management Engine Components\DAL;C:\Program Files (x86)\Intel\Intel(R) Management Engine Components\IPT;C:\Program Files (x86)\Intel\OpenCL SDK\2.0\bin\x86;C:\Program Files (x86)\Intel\OpenCL SDK\2.0\bin\x64;C:\Program Files\Java\jre1.8.0_25\lib\ext;C:\Program Files (x86)\Liquid Technologies\Liquid XML Studio 2009\XmlDataBinder7\Redist7\cpp\win32\bin;C:\Program Files (x86)\Liquid Technologies\Liquid XML 2015\XmlDataBinder13\Redist13\cpp\win32\bin;C:\Program Files (x86)\Skype\Phone\;C:\Program Files\Java\jdk1.8.0_25\bin;C:\ant\bin;C:\jruby-9.1.1.0\bin;C:\php;C:\Apache24;C:\Apache24\bin;C:\Program Files\Microsoft SQL Server\130\Tools\Binn\;C:\Program Files\dotnet\;C:\Program Files\Microsoft DNX\Dnvm\;C:\Program Files\Microsoft SQL Server\110\Tools\Binn\;C:\Program Files (x86)\Microsoft SQL Server\110\Tools\Binn\;C:\Program Files\Microsoft SQL Server\110\DTS\Binn\;C:\Program Files (x86)\Microsoft SQL Server\110\Tools\Binn\ManagementStudio\;C:\Program Files (x86)\Microsoft Visual Studio 10.0\Common7\IDE\PrivateAssemblies\;C:\Program Files (x86)\Microsoft SQL Server\110\DTS\Binn\;C:\Program Files\nodejs\;C:\Program Files\Git\cmd;C:\Modeltech_pe_edu_10.4a\win32pe_edu;C:\ant\bin;C:\Program Files\Java\jdk1.8.0_25\bin;C:\jruby-9.1.1.0\bin;C:\Users\Sabrina\AppData\Local\Microsoft\WindowsApps;C:\Users\Sabrina\AppData\Roaming\npm;C:\Users\Sabrina\AppData\Local\atom\bin;C:\Users\Sabrina\AppData\Local\Microsoft\WindowsApps;C:\Program Files\Microsoft VS Code\bin
10 verbose lifecycle portfolio@1.0.0~dev: CWD: C:\Users\Sabrina\portfolio
11 silly lifecycle portfolio@1.0.0~dev: Args: [ '/d /s /c',
11 silly lifecycle   'webpack --config ./webpack.config.js && webpack-dev-server --inline --hot' ]
12 verbose stack Error: kill ENOSYS
12 verbose stack     at exports._errnoException (util.js:1022:11)
12 verbose stack     at process.kill (internal/process.js:172:13)
12 verbose stack     at process.listener (C:\Program Files\nodejs\node_modules\npm\node_modules\npmlog\node_modules\gauge\node_modules\signal-exit\index.js:86:15)
12 verbose stack     at emitNone (events.js:91:20)
12 verbose stack     at process.emit (events.js:185:7)
12 verbose stack     at processEmit (C:\Program Files\nodejs\node_modules\npm\node_modules\npmlog\node_modules\gauge\node_modules\signal-exit\index.js:146:32)
12 verbose stack     at processEmit (C:\Program Files\nodejs\node_modules\npm\node_modules\npm-registry-client\node_modules\npmlog\node_modules\gauge\node_modules\signal-exit\index.js:146:32)
12 verbose stack     at Signal.wrap.onsignal (internal/process.js:199:44)
13 verbose cwd C:\Users\Sabrina\portfolio
14 error Windows_NT 10.0.16299
15 error argv "C:\\Program Files\\nodejs\\node.exe" "C:\\Program Files\\nodejs\\node_modules\\npm\\bin\\npm-cli.js" "run" "dev"
16 error node v6.9.4
17 error npm  v3.10.10
18 error code ENOSYS
19 error errno ENOSYS
20 error syscall kill
21 error kill ENOSYS
22 error If you need help, you may report this error at:
22 error     <https://github.com/npm/npm/issues>
23 verbose exit [ 1, true ]
